Start testing: Feb 16 23:42 CST
----------------------------------------------------------
1/15 Testing: NatsManagerUnitTest.LazyConnection
1/15 Test: NatsManagerUnitTest.LazyConnection
Command: "/home/tylerk/falcon-dev/falcon-lib/comms/build/release/tests/falcon_comms_unit_tests" "--gtest_filter=NatsManagerUnitTest.LazyConnection" "--gtest_also_run_disabled_tests"
Directory: /home/tylerk/falcon-dev/falcon-lib/comms/build/release/tests
"NatsManagerUnitTest.LazyConnection" start time: Feb 16 23:42 CST
Output:
----------------------------------------------------------
Running main() from /home/tylerk/.local/share/vcpkg/buildtrees/gtest/src/v1.17.0-0c449efaff.clean/googletest/src/gtest_main.cc
Note: Google Test filter = NatsManagerUnitTest.LazyConnection
[==========] Running 1 test from 1 test suite.
[----------] Global test environment set-up.
[----------] 1 test from NatsManagerUnitTest
[ RUN      ] NatsManagerUnitTest.LazyConnection
[2026-02-16 23:42:33.746] [info] NATS connected ✓
[2026-02-16 23:42:33.746] [info] NATS disconnected
[       OK ] NatsManagerUnitTest.LazyConnection (4 ms)
[----------] 1 test from NatsManagerUnitTest (4 ms total)

[----------] Global test environment tear-down
[==========] 1 test from 1 test suite ran. (4 ms total)
[  PASSED  ] 1 test.
<end of output>
Test time =   0.01 sec
----------------------------------------------------------
Test Passed.
"NatsManagerUnitTest.LazyConnection" end time: Feb 16 23:42 CST
"NatsManagerUnitTest.LazyConnection" time elapsed: 00:00:00
----------------------------------------------------------

2/15 Testing: NatsManagerUnitTest.PublishString
2/15 Test: NatsManagerUnitTest.PublishString
Command: "/home/tylerk/falcon-dev/falcon-lib/comms/build/release/tests/falcon_comms_unit_tests" "--gtest_filter=NatsManagerUnitTest.PublishString" "--gtest_also_run_disabled_tests"
Directory: /home/tylerk/falcon-dev/falcon-lib/comms/build/release/tests
"NatsManagerUnitTest.PublishString" start time: Feb 16 23:42 CST
Output:
----------------------------------------------------------
Running main() from /home/tylerk/.local/share/vcpkg/buildtrees/gtest/src/v1.17.0-0c449efaff.clean/googletest/src/gtest_main.cc
Note: Google Test filter = NatsManagerUnitTest.PublishString
[==========] Running 1 test from 1 test suite.
[----------] Global test environment set-up.
[----------] 1 test from NatsManagerUnitTest
[ RUN      ] NatsManagerUnitTest.PublishString
[2026-02-16 23:42:33.757] [info] NATS connected ✓
[2026-02-16 23:42:33.757] [info] NATS disconnected
[       OK ] NatsManagerUnitTest.PublishString (4 ms)
[----------] 1 test from NatsManagerUnitTest (4 ms total)

[----------] Global test environment tear-down
[==========] 1 test from 1 test suite ran. (4 ms total)
[  PASSED  ] 1 test.
<end of output>
Test time =   0.01 sec
----------------------------------------------------------
Test Passed.
"NatsManagerUnitTest.PublishString" end time: Feb 16 23:42 CST
"NatsManagerUnitTest.PublishString" time elapsed: 00:00:00
----------------------------------------------------------

3/15 Testing: NatsManagerUnitTest.PublishJson
3/15 Test: NatsManagerUnitTest.PublishJson
Command: "/home/tylerk/falcon-dev/falcon-lib/comms/build/release/tests/falcon_comms_unit_tests" "--gtest_filter=NatsManagerUnitTest.PublishJson" "--gtest_also_run_disabled_tests"
Directory: /home/tylerk/falcon-dev/falcon-lib/comms/build/release/tests
"NatsManagerUnitTest.PublishJson" start time: Feb 16 23:42 CST
Output:
----------------------------------------------------------
Running main() from /home/tylerk/.local/share/vcpkg/buildtrees/gtest/src/v1.17.0-0c449efaff.clean/googletest/src/gtest_main.cc
Note: Google Test filter = NatsManagerUnitTest.PublishJson
[==========] Running 1 test from 1 test suite.
[----------] Global test environment set-up.
[----------] 1 test from NatsManagerUnitTest
[ RUN      ] NatsManagerUnitTest.PublishJson
[2026-02-16 23:42:33.767] [info] NATS connected ✓
[2026-02-16 23:42:33.768] [info] NATS disconnected
[       OK ] NatsManagerUnitTest.PublishJson (4 ms)
[----------] 1 test from NatsManagerUnitTest (4 ms total)

[----------] Global test environment tear-down
[==========] 1 test from 1 test suite ran. (4 ms total)
[  PASSED  ] 1 test.
<end of output>
Test time =   0.01 sec
----------------------------------------------------------
Test Passed.
"NatsManagerUnitTest.PublishJson" end time: Feb 16 23:42 CST
"NatsManagerUnitTest.PublishJson" time elapsed: 00:00:00
----------------------------------------------------------

4/15 Testing: NatsManagerUnitTest.RequestReplyWithResponder
4/15 Test: NatsManagerUnitTest.RequestReplyWithResponder
Command: "/home/tylerk/falcon-dev/falcon-lib/comms/build/release/tests/falcon_comms_unit_tests" "--gtest_filter=NatsManagerUnitTest.RequestReplyWithResponder" "--gtest_also_run_disabled_tests"
Directory: /home/tylerk/falcon-dev/falcon-lib/comms/build/release/tests
"NatsManagerUnitTest.RequestReplyWithResponder" start time: Feb 16 23:42 CST
Output:
----------------------------------------------------------
Running main() from /home/tylerk/.local/share/vcpkg/buildtrees/gtest/src/v1.17.0-0c449efaff.clean/googletest/src/gtest_main.cc
Note: Google Test filter = NatsManagerUnitTest.RequestReplyWithResponder
[==========] Running 1 test from 1 test suite.
[----------] Global test environment set-up.
[----------] 1 test from NatsManagerUnitTest
[ RUN      ] NatsManagerUnitTest.RequestReplyWithResponder
[2026-02-16 23:42:33.888] [info] NATS connected ✓
[2026-02-16 23:42:33.889] [info] NATS disconnected
[       OK ] NatsManagerUnitTest.RequestReplyWithResponder (115 ms)
[----------] 1 test from NatsManagerUnitTest (115 ms total)

[----------] Global test environment tear-down
[==========] 1 test from 1 test suite ran. (115 ms total)
[  PASSED  ] 1 test.
<end of output>
Test time =   0.12 sec
----------------------------------------------------------
Test Passed.
"NatsManagerUnitTest.RequestReplyWithResponder" end time: Feb 16 23:42 CST
"NatsManagerUnitTest.RequestReplyWithResponder" time elapsed: 00:00:00
----------------------------------------------------------

5/15 Testing: NatsManagerUnitTest.Subscribe
5/15 Test: NatsManagerUnitTest.Subscribe
Command: "/home/tylerk/falcon-dev/falcon-lib/comms/build/release/tests/falcon_comms_unit_tests" "--gtest_filter=NatsManagerUnitTest.Subscribe" "--gtest_also_run_disabled_tests"
Directory: /home/tylerk/falcon-dev/falcon-lib/comms/build/release/tests
"NatsManagerUnitTest.Subscribe" start time: Feb 16 23:42 CST
Output:
----------------------------------------------------------
Running main() from /home/tylerk/.local/share/vcpkg/buildtrees/gtest/src/v1.17.0-0c449efaff.clean/googletest/src/gtest_main.cc
Note: Google Test filter = NatsManagerUnitTest.Subscribe
[==========] Running 1 test from 1 test suite.
[----------] Global test environment set-up.
[----------] 1 test from NatsManagerUnitTest
[ RUN      ] NatsManagerUnitTest.Subscribe
[2026-02-16 23:42:33.899] [info] NATS connected ✓
[2026-02-16 23:42:33.900] [info] Subscribed to NATS subject: test.subscribe
[2026-02-16 23:42:34.010] [info] NATS disconnected
[       OK ] NatsManagerUnitTest.Subscribe (114 ms)
[----------] 1 test from NatsManagerUnitTest (114 ms total)

[----------] Global test environment tear-down
[==========] 1 test from 1 test suite ran. (114 ms total)
[  PASSED  ] 1 test.
<end of output>
Test time =   0.12 sec
----------------------------------------------------------
Test Passed.
"NatsManagerUnitTest.Subscribe" end time: Feb 16 23:42 CST
"NatsManagerUnitTest.Subscribe" time elapsed: 00:00:00
----------------------------------------------------------

6/15 Testing: AutotunerCommsUnitTest.SubscribeStateResponse
6/15 Test: AutotunerCommsUnitTest.SubscribeStateResponse
Command: "/home/tylerk/falcon-dev/falcon-lib/comms/build/release/tests/falcon_comms_unit_tests" "--gtest_filter=AutotunerCommsUnitTest.SubscribeStateResponse" "--gtest_also_run_disabled_tests"
Directory: /home/tylerk/falcon-dev/falcon-lib/comms/build/release/tests
"AutotunerCommsUnitTest.SubscribeStateResponse" start time: Feb 16 23:42 CST
Output:
----------------------------------------------------------
Running main() from /home/tylerk/.local/share/vcpkg/buildtrees/gtest/src/v1.17.0-0c449efaff.clean/googletest/src/gtest_main.cc
Note: Google Test filter = AutotunerCommsUnitTest.SubscribeStateResponse
[==========] Running 1 test from 1 test suite.
[----------] Global test environment set-up.
[----------] 1 test from AutotunerCommsUnitTest
[ RUN      ] AutotunerCommsUnitTest.SubscribeStateResponse
[2026-02-16 23:42:34.025] [info] NATS connected ✓
[2026-02-16 23:42:34.025] [info] Subscribed to NATS subject: INSTRUMENTHUB.STATE_REQUEST
[2026-02-16 23:42:34.025] [info] Subscribed to NATS subject: FALCON.STATE_RESPONSE
[2026-02-16 23:42:34.027] [info] Unsubscribed from NATS subject: FALCON.STATE_RESPONSE
[2026-02-16 23:42:35.025] [info] Unsubscribed from NATS subject: INSTRUMENTHUB.STATE_REQUEST
[2026-02-16 23:42:35.026] [info] NATS disconnected
[       OK ] AutotunerCommsUnitTest.SubscribeStateResponse (1007 ms)
[----------] 1 test from AutotunerCommsUnitTest (1007 ms total)

[----------] Global test environment tear-down
[==========] 1 test from 1 test suite ran. (1007 ms total)
[  PASSED  ] 1 test.
<end of output>
Test time =   1.02 sec
----------------------------------------------------------
Test Passed.
"AutotunerCommsUnitTest.SubscribeStateResponse" end time: Feb 16 23:42 CST
"AutotunerCommsUnitTest.SubscribeStateResponse" time elapsed: 00:00:01
----------------------------------------------------------

7/15 Testing: AutotunerCommsUnitTest.SubscribeStateResponseTimeout
7/15 Test: AutotunerCommsUnitTest.SubscribeStateResponseTimeout
Command: "/home/tylerk/falcon-dev/falcon-lib/comms/build/release/tests/falcon_comms_unit_tests" "--gtest_filter=AutotunerCommsUnitTest.SubscribeStateResponseTimeout" "--gtest_also_run_disabled_tests"
Directory: /home/tylerk/falcon-dev/falcon-lib/comms/build/release/tests
"AutotunerCommsUnitTest.SubscribeStateResponseTimeout" start time: Feb 16 23:42 CST
Output:
----------------------------------------------------------
Running main() from /home/tylerk/.local/share/vcpkg/buildtrees/gtest/src/v1.17.0-0c449efaff.clean/googletest/src/gtest_main.cc
Note: Google Test filter = AutotunerCommsUnitTest.SubscribeStateResponseTimeout
[==========] Running 1 test from 1 test suite.
[----------] Global test environment set-up.
[----------] 1 test from AutotunerCommsUnitTest
[ RUN      ] AutotunerCommsUnitTest.SubscribeStateResponseTimeout
[2026-02-16 23:42:35.035] [info] NATS connected ✓
[2026-02-16 23:42:35.035] [info] Subscribed to NATS subject: FALCON.STATE_RESPONSE
[2026-02-16 23:42:35.535] [info] Unsubscribed from NATS subject: FALCON.STATE_RESPONSE
[2026-02-16 23:42:35.536] [info] NATS disconnected
[       OK ] AutotunerCommsUnitTest.SubscribeStateResponseTimeout (503 ms)
[----------] 1 test from AutotunerCommsUnitTest (503 ms total)

[----------] Global test environment tear-down
[==========] 1 test from 1 test suite ran. (503 ms total)
[  PASSED  ] 1 test.
<end of output>
Test time =   0.51 sec
----------------------------------------------------------
Test Passed.
"AutotunerCommsUnitTest.SubscribeStateResponseTimeout" end time: Feb 16 23:42 CST
"AutotunerCommsUnitTest.SubscribeStateResponseTimeout" time elapsed: 00:00:00
----------------------------------------------------------

8/15 Testing: RoutineCommsUnitTest.InheritsFromAutotunerComms
8/15 Test: RoutineCommsUnitTest.InheritsFromAutotunerComms
Command: "/home/tylerk/falcon-dev/falcon-lib/comms/build/release/tests/falcon_comms_unit_tests" "--gtest_filter=RoutineCommsUnitTest.InheritsFromAutotunerComms" "--gtest_also_run_disabled_tests"
Directory: /home/tylerk/falcon-dev/falcon-lib/comms/build/release/tests
"RoutineCommsUnitTest.InheritsFromAutotunerComms" start time: Feb 16 23:42 CST
Output:
----------------------------------------------------------
Running main() from /home/tylerk/.local/share/vcpkg/buildtrees/gtest/src/v1.17.0-0c449efaff.clean/googletest/src/gtest_main.cc
Note: Google Test filter = RoutineCommsUnitTest.InheritsFromAutotunerComms
[==========] Running 1 test from 1 test suite.
[----------] Global test environment set-up.
[----------] 1 test from RoutineCommsUnitTest
[ RUN      ] RoutineCommsUnitTest.InheritsFromAutotunerComms
[2026-02-16 23:42:35.543] [info] NATS connected ✓
[2026-02-16 23:42:35.543] [info] Subscribed to NATS subject: INSTRUMENTHUB.STATE_REQUEST
[2026-02-16 23:42:35.544] [info] Subscribed to NATS subject: FALCON.STATE_RESPONSE
[2026-02-16 23:42:35.546] [info] Unsubscribed from NATS subject: FALCON.STATE_RESPONSE
[2026-02-16 23:42:36.544] [info] Unsubscribed from NATS subject: INSTRUMENTHUB.STATE_REQUEST
[2026-02-16 23:42:36.544] [info] NATS disconnected
[       OK ] RoutineCommsUnitTest.InheritsFromAutotunerComms (1003 ms)
[----------] 1 test from RoutineCommsUnitTest (1003 ms total)

[----------] Global test environment tear-down
[==========] 1 test from 1 test suite ran. (1003 ms total)
[  PASSED  ] 1 test.
<end of output>
Test time =   1.01 sec
----------------------------------------------------------
Test Passed.
"RoutineCommsUnitTest.InheritsFromAutotunerComms" end time: Feb 16 23:42 CST
"RoutineCommsUnitTest.InheritsFromAutotunerComms" time elapsed: 00:00:01
----------------------------------------------------------

9/15 Testing: RoutineCommsUnitTest.SubscribeMeasureResponse
9/15 Test: RoutineCommsUnitTest.SubscribeMeasureResponse
Command: "/home/tylerk/falcon-dev/falcon-lib/comms/build/release/tests/falcon_comms_unit_tests" "--gtest_filter=RoutineCommsUnitTest.SubscribeMeasureResponse" "--gtest_also_run_disabled_tests"
Directory: /home/tylerk/falcon-dev/falcon-lib/comms/build/release/tests
"RoutineCommsUnitTest.SubscribeMeasureResponse" start time: Feb 16 23:42 CST
Output:
----------------------------------------------------------
Running main() from /home/tylerk/.local/share/vcpkg/buildtrees/gtest/src/v1.17.0-0c449efaff.clean/googletest/src/gtest_main.cc
Note: Google Test filter = RoutineCommsUnitTest.SubscribeMeasureResponse
[==========] Running 1 test from 1 test suite.
[----------] Global test environment set-up.
[----------] 1 test from RoutineCommsUnitTest
[ RUN      ] RoutineCommsUnitTest.SubscribeMeasureResponse
[2026-02-16 23:42:36.552] [info] NATS connected ✓
[2026-02-16 23:42:36.552] [info] Subscribed to NATS subject: INSTRUMENTHUB.MEASURE_COMMAND
[2026-02-16 23:42:36.552] [info] Subscribed to NATS subject: FALCON.MEASURE_RESPONSE
[2026-02-16 23:42:36.554] [info] Unsubscribed from NATS subject: FALCON.MEASURE_RESPONSE
[2026-02-16 23:42:37.552] [info] Unsubscribed from NATS subject: INSTRUMENTHUB.MEASURE_COMMAND
[2026-02-16 23:42:37.553] [info] NATS disconnected
[       OK ] RoutineCommsUnitTest.SubscribeMeasureResponse (1004 ms)
[----------] 1 test from RoutineCommsUnitTest (1004 ms total)

[----------] Global test environment tear-down
[==========] 1 test from 1 test suite ran. (1004 ms total)
[  PASSED  ] 1 test.
<end of output>
Test time =   1.01 sec
----------------------------------------------------------
Test Passed.
"RoutineCommsUnitTest.SubscribeMeasureResponse" end time: Feb 16 23:42 CST
"RoutineCommsUnitTest.SubscribeMeasureResponse" time elapsed: 00:00:01
----------------------------------------------------------

10/15 Testing: RoutineCommsUnitTest.SubscribeMeasureResponseTimeout
10/15 Test: RoutineCommsUnitTest.SubscribeMeasureResponseTimeout
Command: "/home/tylerk/falcon-dev/falcon-lib/comms/build/release/tests/falcon_comms_unit_tests" "--gtest_filter=RoutineCommsUnitTest.SubscribeMeasureResponseTimeout" "--gtest_also_run_disabled_tests"
Directory: /home/tylerk/falcon-dev/falcon-lib/comms/build/release/tests
"RoutineCommsUnitTest.SubscribeMeasureResponseTimeout" start time: Feb 16 23:42 CST
Output:
----------------------------------------------------------
Running main() from /home/tylerk/.local/share/vcpkg/buildtrees/gtest/src/v1.17.0-0c449efaff.clean/googletest/src/gtest_main.cc
Note: Google Test filter = RoutineCommsUnitTest.SubscribeMeasureResponseTimeout
[==========] Running 1 test from 1 test suite.
[----------] Global test environment set-up.
[----------] 1 test from RoutineCommsUnitTest
[ RUN      ] RoutineCommsUnitTest.SubscribeMeasureResponseTimeout
[2026-02-16 23:42:37.562] [info] NATS connected ✓
[2026-02-16 23:42:37.562] [info] Subscribed to NATS subject: FALCON.MEASURE_RESPONSE
[2026-02-16 23:42:38.063] [info] Unsubscribed from NATS subject: FALCON.MEASURE_RESPONSE
[2026-02-16 23:42:38.063] [info] NATS disconnected
[       OK ] RoutineCommsUnitTest.SubscribeMeasureResponseTimeout (504 ms)
[----------] 1 test from RoutineCommsUnitTest (504 ms total)

[----------] Global test environment tear-down
[==========] 1 test from 1 test suite ran. (504 ms total)
[  PASSED  ] 1 test.
<end of output>
Test time =   0.51 sec
----------------------------------------------------------
Test Passed.
"RoutineCommsUnitTest.SubscribeMeasureResponseTimeout" end time: Feb 16 23:42 CST
"RoutineCommsUnitTest.SubscribeMeasureResponseTimeout" time elapsed: 00:00:00
----------------------------------------------------------

11/15 Testing: RoutineCommsUnitTest.PullMeasurementData
11/15 Test: RoutineCommsUnitTest.PullMeasurementData
Command: "/home/tylerk/falcon-dev/falcon-lib/comms/build/release/tests/falcon_comms_unit_tests" "--gtest_filter=RoutineCommsUnitTest.PullMeasurementData" "--gtest_also_run_disabled_tests"
Directory: /home/tylerk/falcon-dev/falcon-lib/comms/build/release/tests
"RoutineCommsUnitTest.PullMeasurementData" start time: Feb 16 23:42 CST
Output:
----------------------------------------------------------
Running main() from /home/tylerk/.local/share/vcpkg/buildtrees/gtest/src/v1.17.0-0c449efaff.clean/googletest/src/gtest_main.cc
Note: Google Test filter = RoutineCommsUnitTest.PullMeasurementData
[==========] Running 1 test from 1 test suite.
[----------] Global test environment set-up.
[----------] 1 test from RoutineCommsUnitTest
[ RUN      ] RoutineCommsUnitTest.PullMeasurementData
[2026-02-16 23:42:38.180] [info] NATS connected ✓
[2026-02-16 23:42:38.180] [info] JetStream initialized ✓
[2026-02-16 23:42:38.180] [error] Failed to pull measurement data from JetStream: JetStream subscribe failed: Error
[2026-02-16 23:42:38.181] [info] NATS disconnected
[       OK ] RoutineCommsUnitTest.PullMeasurementData (113 ms)
[----------] 1 test from RoutineCommsUnitTest (113 ms total)

[----------] Global test environment tear-down
[==========] 1 test from 1 test suite ran. (113 ms total)
[  PASSED  ] 1 test.
<end of output>
Test time =   0.12 sec
----------------------------------------------------------
Test Passed.
"RoutineCommsUnitTest.PullMeasurementData" end time: Feb 16 23:42 CST
"RoutineCommsUnitTest.PullMeasurementData" time elapsed: 00:00:00
----------------------------------------------------------

12/15 Testing: RuntimeCommsUnitTest.SubscribeConfigResponse
12/15 Test: RuntimeCommsUnitTest.SubscribeConfigResponse
Command: "/home/tylerk/falcon-dev/falcon-lib/comms/build/release/tests/falcon_comms_unit_tests" "--gtest_filter=RuntimeCommsUnitTest.SubscribeConfigResponse" "--gtest_also_run_disabled_tests"
Directory: /home/tylerk/falcon-dev/falcon-lib/comms/build/release/tests
"RuntimeCommsUnitTest.SubscribeConfigResponse" start time: Feb 16 23:42 CST
Output:
----------------------------------------------------------
Running main() from /home/tylerk/.local/share/vcpkg/buildtrees/gtest/src/v1.17.0-0c449efaff.clean/googletest/src/gtest_main.cc
Note: Google Test filter = RuntimeCommsUnitTest.SubscribeConfigResponse
[==========] Running 1 test from 1 test suite.
[----------] Global test environment set-up.
[----------] 1 test from RuntimeCommsUnitTest
[ RUN      ] RuntimeCommsUnitTest.SubscribeConfigResponse
[2026-02-16 23:42:38.188] [info] NATS connected ✓
[2026-02-16 23:42:38.189] [info] Subscribed to NATS subject: INSTRUMENTHUB.DEVICE_CONFIG_REQUEST
[2026-02-16 23:42:38.189] [info] Subscribed to NATS subject: FALCON.DEVICE_CONFIG_RESPONSE
[2026-02-16 23:42:38.191] [info] Unsubscribed from NATS subject: FALCON.DEVICE_CONFIG_RESPONSE
[2026-02-16 23:42:39.189] [info] Unsubscribed from NATS subject: INSTRUMENTHUB.DEVICE_CONFIG_REQUEST
[2026-02-16 23:42:39.189] [info] NATS disconnected
[       OK ] RuntimeCommsUnitTest.SubscribeConfigResponse (1003 ms)
[----------] 1 test from RuntimeCommsUnitTest (1003 ms total)

[----------] Global test environment tear-down
[==========] 1 test from 1 test suite ran. (1003 ms total)
[  PASSED  ] 1 test.
<end of output>
Test time =   1.01 sec
----------------------------------------------------------
Test Passed.
"RuntimeCommsUnitTest.SubscribeConfigResponse" end time: Feb 16 23:42 CST
"RuntimeCommsUnitTest.SubscribeConfigResponse" time elapsed: 00:00:01
----------------------------------------------------------

13/15 Testing: RuntimeCommsUnitTest.SubscribePortPayload
13/15 Test: RuntimeCommsUnitTest.SubscribePortPayload
Command: "/home/tylerk/falcon-dev/falcon-lib/comms/build/release/tests/falcon_comms_unit_tests" "--gtest_filter=RuntimeCommsUnitTest.SubscribePortPayload" "--gtest_also_run_disabled_tests"
Directory: /home/tylerk/falcon-dev/falcon-lib/comms/build/release/tests
"RuntimeCommsUnitTest.SubscribePortPayload" start time: Feb 16 23:42 CST
Output:
----------------------------------------------------------
Running main() from /home/tylerk/.local/share/vcpkg/buildtrees/gtest/src/v1.17.0-0c449efaff.clean/googletest/src/gtest_main.cc
Note: Google Test filter = RuntimeCommsUnitTest.SubscribePortPayload
[==========] Running 1 test from 1 test suite.
[----------] Global test environment set-up.
[----------] 1 test from RuntimeCommsUnitTest
[ RUN      ] RuntimeCommsUnitTest.SubscribePortPayload
[2026-02-16 23:42:39.198] [info] NATS connected ✓
[2026-02-16 23:42:39.198] [info] Subscribed to NATS subject: INSTRUMENTHUB.PORT_REQUEST
[2026-02-16 23:42:39.198] [info] Subscribed to NATS subject: FALCON.PORT_PAYLOAD
[2026-02-16 23:42:39.200] [info] Unsubscribed from NATS subject: FALCON.PORT_PAYLOAD
[2026-02-16 23:42:40.198] [info] Unsubscribed from NATS subject: INSTRUMENTHUB.PORT_REQUEST
[2026-02-16 23:42:40.199] [info] NATS disconnected
[       OK ] RuntimeCommsUnitTest.SubscribePortPayload (1004 ms)
[----------] 1 test from RuntimeCommsUnitTest (1004 ms total)

[----------] Global test environment tear-down
[==========] 1 test from 1 test suite ran. (1004 ms total)
[  PASSED  ] 1 test.
<end of output>
Test time =   1.01 sec
----------------------------------------------------------
Test Passed.
"RuntimeCommsUnitTest.SubscribePortPayload" end time: Feb 16 23:42 CST
"RuntimeCommsUnitTest.SubscribePortPayload" time elapsed: 00:00:01
----------------------------------------------------------

14/15 Testing: RuntimeCommsUnitTest.SubscribeConfigResponseTimeout
14/15 Test: RuntimeCommsUnitTest.SubscribeConfigResponseTimeout
Command: "/home/tylerk/falcon-dev/falcon-lib/comms/build/release/tests/falcon_comms_unit_tests" "--gtest_filter=RuntimeCommsUnitTest.SubscribeConfigResponseTimeout" "--gtest_also_run_disabled_tests"
Directory: /home/tylerk/falcon-dev/falcon-lib/comms/build/release/tests
"RuntimeCommsUnitTest.SubscribeConfigResponseTimeout" start time: Feb 16 23:42 CST
Output:
----------------------------------------------------------
Running main() from /home/tylerk/.local/share/vcpkg/buildtrees/gtest/src/v1.17.0-0c449efaff.clean/googletest/src/gtest_main.cc
Note: Google Test filter = RuntimeCommsUnitTest.SubscribeConfigResponseTimeout
[==========] Running 1 test from 1 test suite.
[----------] Global test environment set-up.
[----------] 1 test from RuntimeCommsUnitTest
[ RUN      ] RuntimeCommsUnitTest.SubscribeConfigResponseTimeout
[2026-02-16 23:42:40.207] [info] NATS connected ✓
[2026-02-16 23:42:40.208] [info] Subscribed to NATS subject: FALCON.DEVICE_CONFIG_RESPONSE
[2026-02-16 23:42:40.708] [info] Unsubscribed from NATS subject: FALCON.DEVICE_CONFIG_RESPONSE
[2026-02-16 23:42:40.709] [info] NATS disconnected
[       OK ] RuntimeCommsUnitTest.SubscribeConfigResponseTimeout (503 ms)
[----------] 1 test from RuntimeCommsUnitTest (503 ms total)

[----------] Global test environment tear-down
[==========] 1 test from 1 test suite ran. (503 ms total)
[  PASSED  ] 1 test.
<end of output>
Test time =   0.51 sec
----------------------------------------------------------
Test Passed.
"RuntimeCommsUnitTest.SubscribeConfigResponseTimeout" end time: Feb 16 23:42 CST
"RuntimeCommsUnitTest.SubscribeConfigResponseTimeout" time elapsed: 00:00:00
----------------------------------------------------------

15/15 Testing: RuntimeCommsUnitTest.SubscribePortPayloadTimeout
15/15 Test: RuntimeCommsUnitTest.SubscribePortPayloadTimeout
Command: "/home/tylerk/falcon-dev/falcon-lib/comms/build/release/tests/falcon_comms_unit_tests" "--gtest_filter=RuntimeCommsUnitTest.SubscribePortPayloadTimeout" "--gtest_also_run_disabled_tests"
Directory: /home/tylerk/falcon-dev/falcon-lib/comms/build/release/tests
"RuntimeCommsUnitTest.SubscribePortPayloadTimeout" start time: Feb 16 23:42 CST
Output:
----------------------------------------------------------
Running main() from /home/tylerk/.local/share/vcpkg/buildtrees/gtest/src/v1.17.0-0c449efaff.clean/googletest/src/gtest_main.cc
Note: Google Test filter = RuntimeCommsUnitTest.SubscribePortPayloadTimeout
[==========] Running 1 test from 1 test suite.
[----------] Global test environment set-up.
[----------] 1 test from RuntimeCommsUnitTest
[ RUN      ] RuntimeCommsUnitTest.SubscribePortPayloadTimeout
[2026-02-16 23:42:40.718] [info] NATS connected ✓
[2026-02-16 23:42:40.718] [info] Subscribed to NATS subject: FALCON.PORT_PAYLOAD
[2026-02-16 23:42:41.218] [info] Unsubscribed from NATS subject: FALCON.PORT_PAYLOAD
[2026-02-16 23:42:41.219] [info] NATS disconnected
[       OK ] RuntimeCommsUnitTest.SubscribePortPayloadTimeout (504 ms)
[----------] 1 test from RuntimeCommsUnitTest (504 ms total)

[----------] Global test environment tear-down
[==========] 1 test from 1 test suite ran. (504 ms total)
[  PASSED  ] 1 test.
<end of output>
Test time =   0.51 sec
----------------------------------------------------------
Test Passed.
"RuntimeCommsUnitTest.SubscribePortPayloadTimeout" end time: Feb 16 23:42 CST
"RuntimeCommsUnitTest.SubscribePortPayloadTimeout" time elapsed: 00:00:00
----------------------------------------------------------

End testing: Feb 16 23:42 CST
